\BOOKMARK [-1][]{title.-1}{\376\377\217\331\221\314\146\057\150\007\230\230\150\007\230\230\123\352\200\375\147\011\116\011\210\114\116\015\200\375\131\032}{}% 1
\BOOKMARK [0][]{chapter*.1}{\376\377\201\364\214\042}{title.-1}% 2
\BOOKMARK [0][]{chapter*.2}{\376\377\166\356\137\125}{title.-1}% 3
\BOOKMARK [0][]{section*.3}{\376\377\210\150\150\074\175\042\137\025}{title.-1}% 4
\BOOKMARK [0][]{section*.5}{\376\377\143\322\126\376\175\042\137\025}{title.-1}% 5
\BOOKMARK [0][]{section*.7}{\376\377\173\227\154\325\175\042\137\025}{title.-1}% 6
\BOOKMARK [0][]{chapter*.9}{\376\377\144\130\211\201}{title.-1}% 7
\BOOKMARK [0][]{chapter*.10}{\376\377\000A\000B\000S\000T\000R\000A\000C\000T}{title.-1}% 8
\BOOKMARK [0][]{chapter.1}{\376\377\173\054\116\000\172\340\000\040\000\040\000I\000n\000t\000r\000o\000d\000u\000c\000t\000i\000o\000n}{title.-1}% 9
\BOOKMARK [1][]{section.1.1}{\376\377\0001\000.\0001\000\040\130\236\137\072\163\260\133\236\142\200\147\057}{chapter.1}% 10
\BOOKMARK [1][]{section.1.2}{\376\377\0001\000.\0002\000\040\130\236\137\072\163\260\133\236\166\204\133\232\117\115\145\271\137\017}{chapter.1}% 11
\BOOKMARK [1][]{section.1.3}{\376\377\0001\000.\0003\000\040\000V\000-\000S\000L\000A\000M\142\200\147\057}{chapter.1}% 12
\BOOKMARK [2][]{subsection.1.3.1}{\376\377\0001\000.\0003\000.\0001\000\040\000V\000-\000S\000L\000A\000M\166\204\127\372\147\054\123\237\164\006}{section.1.3}% 13
\BOOKMARK [2][]{subsection.1.3.2}{\376\377\0001\000.\0003\000.\0002\000\040\127\372\116\216\121\163\225\056\136\047\000B\000A\166\204\123\125\166\356\000V\000-\000S\000L\000A\000M\174\373\176\337}{section.1.3}% 14
\BOOKMARK [0][]{chapter.2}{\376\377\173\054\116\214\172\340\000\040\000\040\127\372\116\216\123\125\166\356\166\370\147\072\166\204\0003\176\364\133\236\145\366\221\315\136\372\166\204\000P\000T\000A\000M\173\227\154\325\116\313\176\315}{title.-1}% 15
\BOOKMARK [1][]{section.2.1}{\376\377\0002\000.\0001\000\040\145\160\133\146\167\345\213\306\116\313\176\315}{chapter.2}% 16
\BOOKMARK [1][]{section.2.2}{\376\377\0002\000.\0002\000\040\000P\000T\000A\000M\173\227\154\325\166\204\116\313\176\315}{chapter.2}% 17
\BOOKMARK [1][]{section.2.3}{\376\377\0002\000.\0003\000\040\000P\000T\000A\000M\173\227\154\325\166\204\145\160\133\146\143\250\133\374}{chapter.2}% 18
\BOOKMARK [2][]{subsection.2.3.1}{\376\377\0002\000.\0003\000.\0001\000\040\000P\000T\000A\000M\173\227\154\325\135\345\117\134\166\204\127\372\147\054\155\101\172\013}{section.2.3}% 19
\BOOKMARK [2][]{subsection.2.3.2}{\376\377\0002\000.\0003\000.\0002\000\040\000P\000T\000A\000M\173\241\176\277\116\113\116\000\000:\000\040\000T\000r\000a\000c\000k\000i\000n\000g}{section.2.3}% 20
\BOOKMARK [2][]{subsection.2.3.3}{\376\377\0002\000.\0003\000.\0003\000\040\000P\000T\000A\000M\173\241\176\277\116\113\116\214\000:\000\040\000M\000a\000p\000p\000i\000n\000g}{section.2.3}% 21
\BOOKMARK [1][]{section.2.4}{\376\377\0002\000.\0004\000\040\000P\000T\000A\000M\173\227\154\325\166\204\133\236\226\105\136\224\165\050}{chapter.2}% 22
\BOOKMARK [2][]{subsection.2.4.1}{\376\377\0002\000.\0004\000.\0001\000\040\127\050\116\000\202\054\165\065\201\021\116\012\217\320\210\114}{section.2.4}% 23
\BOOKMARK [2][]{subsection.2.4.2}{\376\377\0002\000.\0004\000.\0002\000\040\127\050\146\172\200\375\142\113\147\072\116\012\217\320\210\114}{section.2.4}% 24
\BOOKMARK [1][]{section.2.5}{\376\377\0002\000.\0005\000\040\000P\000T\000A\000M\173\227\154\325\166\204\213\304\116\367}{chapter.2}% 25
\BOOKMARK [0][]{chapter*.11}{\376\377\123\302\200\003\145\207\163\056}{title.-1}% 26
\BOOKMARK [0][]{appendix.A}{\376\377\226\104\137\125\000\040\000A\000\040\000\040\116\055\126\375\171\321\133\146\142\200\147\057\131\047\133\146\170\024\172\166\165\037\133\146\117\115\213\272\145\207\144\260\121\231\211\304\203\003}{title.-1}% 27
\BOOKMARK [1][]{section.A.1}{\376\377\000A\000.\0001\000\040\121\205\133\271\211\201\154\102}{appendix.A}% 28
\BOOKMARK [2][]{subsection.A.1.1}{\376\377\000A\000.\0001\000.\0001\000\040\134\001\227\142}{section.A.1}% 29
\BOOKMARK [2][]{subsection.A.1.2}{\376\377\000A\000.\0001\000.\0002\000\040\116\055\126\375\171\321\133\146\142\200\147\057\131\047\133\146\133\146\117\115\213\272\145\207\123\237\122\033\140\047\124\214\143\210\147\103\117\177\165\050\130\360\146\016}{section.A.1}% 30
\BOOKMARK [2][]{subsection.A.1.3}{\376\377\000A\000.\0001\000.\0003\000\040\144\130\211\201\124\214\121\163\225\056\213\315}{section.A.1}% 31
\BOOKMARK [2][]{subsection.A.1.4}{\376\377\000A\000.\0001\000.\0004\000\040\166\356\137\125}{section.A.1}% 32
\BOOKMARK [2][]{subsection.A.1.5}{\376\377\000A\000.\0001\000.\0005\000\040\173\046\123\367\213\364\146\016}{section.A.1}% 33
\BOOKMARK [2][]{subsection.A.1.6}{\376\377\000A\000.\0001\000.\0006\000\040\153\143\145\207}{section.A.1}% 34
\BOOKMARK [2][]{subsection.A.1.7}{\376\377\000A\000.\0001\000.\0007\000\040\123\302\200\003\145\207\163\056}{section.A.1}% 35
\BOOKMARK [2][]{subsection.A.1.8}{\376\377\000A\000.\0001\000.\0008\000\040\226\104\137\125}{section.A.1}% 36
\BOOKMARK [2][]{subsection.A.1.9}{\376\377\000A\000.\0001\000.\0009\000\040\201\364\214\042}{section.A.1}% 37
\BOOKMARK [2][]{subsection.A.1.10}{\376\377\000A\000.\0001\000.\0001\0000\000\040\127\050\213\373\147\037\225\364\123\321\210\150\166\204\133\146\147\057\213\272\145\207\116\016\123\326\137\227\166\204\121\166\116\326\170\024\172\166\142\020\147\234}{section.A.1}% 38
\BOOKMARK [1][]{section.A.2}{\376\377\000A\000.\0002\000\040\116\146\121\231\211\304\133\232}{appendix.A}% 39
\BOOKMARK [2][]{subsection.A.2.1}{\376\377\000A\000.\0002\000.\0001\000\040\213\272\145\207\166\204\133\127\145\160\211\201\154\102}{section.A.2}% 40
\BOOKMARK [2][]{subsection.A.2.2}{\376\377\000A\000.\0002\000.\0002\000\040\145\207\133\127\060\001\150\007\160\271\173\046\123\367\124\214\145\160\133\127}{section.A.2}% 41
\BOOKMARK [2][]{subsection.A.2.3}{\376\377\000A\000.\0002\000.\0003\000\040\134\001\227\142\116\016\142\111\230\165}{section.A.2}% 42
\BOOKMARK [2][]{subsection.A.2.4}{\376\377\000A\000.\0002\000.\0004\000\040\166\356\137\125}{section.A.2}% 43
\BOOKMARK [2][]{subsection.A.2.5}{\376\377\000A\000.\0002\000.\0005\000\040\144\130\211\201\116\016\121\163\225\056\213\315}{section.A.2}% 44
\BOOKMARK [2][]{subsection.A.2.6}{\376\377\000A\000.\0002\000.\0006\000\040\213\272\145\207\153\143\145\207}{section.A.2}% 45
\BOOKMARK [2][]{subsection.A.2.7}{\376\377\000A\000.\0002\000.\0007\000\040\123\302\200\003\145\207\163\056}{section.A.2}% 46
\BOOKMARK [1][]{section.A.3}{\376\377\000A\000.\0003\000\040\143\222\162\110\124\214\123\160\122\067\211\201\154\102}{appendix.A}% 47
\BOOKMARK [0][]{appendix.B}{\376\377\226\104\137\125\000\040\000B\000\040\000\040\121\163\116\216\211\304\203\003\147\054\171\321\153\325\116\032\213\272\145\207\377\010\213\276\213\241\377\011\150\074\137\017\124\214\176\337\116\000\134\001\227\142\166\204\220\032\167\345}{title.-1}% 48
